2025-09-06 17:05:16,743 [INFO] Activator:176 - 


2025-09-06 17:05:16,749 [INFO] Activator:177 - !SESSION log4j initialized
2025-09-06 17:05:19,026 [INFO] LogOutputStream:77 - [STDOUT_REDIRECT] 
2025-09-06 17:05:22,757 [ERROR] LogOutputStream:75 - [STDERR_REDIRECT] 
2025-09-06 17:05:24,989 [INFO] LogOutputStream:77 - [STDOUT_REDIRECT] 
2025-09-06 17:05:32,531 [INFO] ApplicationProperties:184 - Using Application install path: /Applications/STM32CubeIDE.app/Contents/Eclipse/plugins/com.st.stm32cube.common.mx_6.15.0.202507011659
2025-09-06 17:05:32,622 [INFO] DbMcusXml:78 - Set database path to: /Applications/STM32CubeIDE.app/Contents/Eclipse/plugins/com.st.stm32cube.common.mx_6.15.0.202507011659//db//mcu/
2025-09-06 17:05:32,623 [INFO] ApiDb:274 - Set plugin database path to: /Applications/STM32CubeIDE.app/Contents/Eclipse/plugins/com.st.stm32cube.common.mx_6.15.0.202507011659//db//plugins/boardmanager/
2025-09-06 17:05:32,626 [WARN] ApiDb:259 - Overriding images path with different value:  => /Applications/STM32CubeIDE.app/Contents/Eclipse/plugins/com.st.stm32cube.common.mx_6.15.0.202507011659//db//plugins/mcufinder/images/
2025-09-06 17:05:32,643 [INFO] ApiDb:250 - Set database path to: /Users/straw/.stmcufinder/plugins/mcufinder//mcu/
2025-09-06 17:05:32,644 [INFO] DbMcusAds:125 - Set database path to: /Users/straw/.stmcufinder/plugins/mcufinder//mcu/
2025-09-06 17:05:32,647 [INFO] CrossReferenceDbSqlite:203 - Set database path to: /Users/straw/.stmcufinder/plugins/mcufinder//mcu/cs/
2025-09-06 17:05:32,844 [INFO] RulesReader:64 - Compatibility file has been processed (317 Rules)
2025-09-06 17:05:32,914 [INFO] DbMcusXml:78 - Set database path to: /Applications/STM32CubeIDE.app/Contents/Eclipse/plugins/com.st.stm32cube.common.mx_6.15.0.202507011659//db//mcu/
2025-09-06 17:05:32,914 [INFO] ApiDb:274 - Set plugin database path to: /Applications/STM32CubeIDE.app/Contents/Eclipse/plugins/com.st.stm32cube.common.mx_6.15.0.202507011659//db//plugins/boardmanager/
2025-09-06 17:05:32,914 [INFO] ApiDb:261 - Set plugin images path to: /Applications/STM32CubeIDE.app/Contents/Eclipse/plugins/com.st.stm32cube.common.mx_6.15.0.202507011659//db//plugins/mcufinder/images/
2025-09-06 17:05:32,915 [WARN] DbFile:41 - Overriding database path with different value: /Users/straw/.stmcufinder/plugins/mcufinder/ => /Users/straw/.stmcufinder/plugins/mcufinder
2025-09-06 17:05:32,915 [INFO] ApiDb:250 - Set database path to: /Users/straw/.stmcufinder/plugins/mcufinder//mcu/
2025-09-06 17:05:32,915 [WARN] DbFile:41 - Overriding database path with different value: /Users/straw/.stmcufinder/plugins/mcufinder/ => /Users/straw/.stmcufinder/plugins/mcufinder
2025-09-06 17:05:32,915 [INFO] DbMcusAds:125 - Set database path to: /Users/straw/.stmcufinder/plugins/mcufinder//mcu/
2025-09-06 17:05:32,915 [WARN] DbFile:41 - Overriding database path with different value: /Users/straw/.stmcufinder/plugins/mcufinder/ => /Users/straw/.stmcufinder/plugins/mcufinder
2025-09-06 17:05:32,916 [WARN] DbFile:41 - Overriding database path with different value: /Users/straw/.stmcufinder/plugins/mcufinder/ => /Users/straw/.stmcufinder/plugins/mcufinder
2025-09-06 17:05:32,916 [INFO] CrossReferenceDbSqlite:203 - Set database path to: /Users/straw/.stmcufinder/plugins/mcufinder//mcu/cs/
2025-09-06 17:05:33,005 [INFO] MainPanel:274 - HeapMemory: 268435456
2025-09-06 17:05:33,552 [INFO] DbMcusXml:78 - Set database path to: /Applications/STM32CubeIDE.app/Contents/Eclipse/plugins/com.st.stm32cube.common.mx_6.15.0.202507011659//db//mcu/
2025-09-06 17:05:33,552 [INFO] ApiDb:274 - Set plugin database path to: /Applications/STM32CubeIDE.app/Contents/Eclipse/plugins/com.st.stm32cube.common.mx_6.15.0.202507011659//db//plugins/boardmanager/
2025-09-06 17:05:33,552 [INFO] ApiDb:261 - Set plugin images path to: /Applications/STM32CubeIDE.app/Contents/Eclipse/plugins/com.st.stm32cube.common.mx_6.15.0.202507011659//db//plugins/mcufinder/images/
2025-09-06 17:05:33,553 [WARN] DbFile:41 - Overriding database path with different value: /Users/straw/.stmcufinder/plugins/mcufinder/ => /Users/straw/.stmcufinder/plugins/mcufinder
2025-09-06 17:05:33,553 [INFO] ApiDb:250 - Set database path to: /Users/straw/.stmcufinder/plugins/mcufinder//mcu/
2025-09-06 17:05:33,553 [WARN] DbFile:41 - Overriding database path with different value: /Users/straw/.stmcufinder/plugins/mcufinder/ => /Users/straw/.stmcufinder/plugins/mcufinder
2025-09-06 17:05:33,553 [INFO] DbMcusAds:125 - Set database path to: /Users/straw/.stmcufinder/plugins/mcufinder//mcu/
2025-09-06 17:05:33,553 [WARN] DbFile:41 - Overriding database path with different value: /Users/straw/.stmcufinder/plugins/mcufinder/ => /Users/straw/.stmcufinder/plugins/mcufinder
2025-09-06 17:05:33,553 [WARN] DbFile:41 - Overriding database path with different value: /Users/straw/.stmcufinder/plugins/mcufinder/ => /Users/straw/.stmcufinder/plugins/mcufinder
2025-09-06 17:05:33,553 [INFO] CrossReferenceDbSqlite:203 - Set database path to: /Users/straw/.stmcufinder/plugins/mcufinder//mcu/cs/
2025-09-06 17:05:33,572 [INFO] ApplicationProperties:184 - Using Application install path: /Applications/STM32CubeIDE.app/Contents/Eclipse/plugins/com.st.stm32cube.common.mx_6.15.0.202507011659
2025-09-06 17:05:33,574 [INFO] PluginManage:196 - Search for loadable plugins [exclusion list=, ]
2025-09-06 17:05:33,576 [INFO] PluginManage:310 - Check plugin analytics
2025-09-06 17:05:33,869 [INFO] AnalyticsPlugin:253 - Accepted Software Licenses: 
2025-09-06 17:05:33,870 [INFO] AnalyticsPlugin:255 - Accepted CMSIS Pack Licenses: 
2025-09-06 17:05:33,870 [INFO] AnalyticsPlugin:257 - Accepted Firmware Licenses: 
2025-09-06 17:05:33,877 [INFO] PluginManage:359 - Loaded plugin analytics (category:tool,tabindex:-1)
2025-09-06 17:05:33,884 [INFO] PluginManage:310 - Check plugin cadmodel
2025-09-06 17:05:33,908 [INFO] CADModel:105 - Init CAD model plugin
2025-09-06 17:05:33,908 [INFO] PluginManage:359 - Loaded plugin cadmodel (category:power,tabindex:5)
2025-09-06 17:05:33,909 [INFO] PluginManage:310 - Check plugin clock
2025-09-06 17:05:33,921 [INFO] PluginManage:359 - Loaded plugin clock (category:base,tabindex:2)
2025-09-06 17:05:33,921 [INFO] PluginManage:310 - Check plugin ddr
2025-09-06 17:05:33,924 [INFO] PluginManage:359 - Loaded plugin ddr (category:tool,tabindex:6)
2025-09-06 17:05:33,924 [INFO] PluginManage:310 - Check plugin filemanager
2025-09-06 17:05:34,087 [INFO] PluginManage:359 - Loaded plugin filemanager (category:base,tabindex:10)
2025-09-06 17:05:34,088 [INFO] PluginManage:310 - Check plugin ipmanager
2025-09-06 17:05:34,094 [INFO] PluginManage:359 - Loaded plugin ipmanager (category:base,tabindex:5)
2025-09-06 17:05:34,095 [INFO] PluginManage:310 - Check plugin lpbam
2025-09-06 17:05:34,105 [INFO] PluginManage:359 - Loaded plugin lpbam (category:base,tabindex:0)
2025-09-06 17:05:34,105 [INFO] PluginManage:310 - Check plugin memorymap
2025-09-06 17:05:34,114 [INFO] PluginManage:359 - Loaded plugin memorymap (category:base,tabindex:4)
2025-09-06 17:05:34,114 [INFO] PluginManage:310 - Check plugin pinoutandconfiguration
2025-09-06 17:05:34,121 [INFO] PluginManage:359 - Loaded plugin pinoutandconfiguration (category:base,tabindex:1)
2025-09-06 17:05:34,121 [INFO] PluginManage:310 - Check plugin pinoutconfig
2025-09-06 17:05:34,214 [WARN] SupportedApi:132 - Cannot load RTOS API schema: s4s-elt-must-match.1: The content of 'definitions' must match (annotation?, (simpleType | complexType)?, (unique | key | keyref)*)). A problem was found starting at: attribute.
2025-09-06 17:05:34,407 [INFO] PluginManage:359 - Loaded plugin pinoutconfig (category:base,tabindex:0)
2025-09-06 17:05:34,408 [INFO] PluginManage:310 - Check plugin power
2025-09-06 17:05:34,421 [INFO] PluginManage:359 - Loaded plugin power (category:power,tabindex:4)
2025-09-06 17:05:34,421 [INFO] PluginManage:310 - Check plugin projectmanager
2025-09-06 17:05:34,453 [INFO] PluginManage:359 - Loaded plugin projectmanager (category:projectmanager,tabindex:4)
2025-09-06 17:05:34,454 [INFO] PluginManage:310 - Check plugin rif
2025-09-06 17:05:34,464 [INFO] PluginManage:359 - Loaded plugin rif (category:base,tabindex:3)
2025-09-06 17:05:34,465 [INFO] PluginManage:310 - Check plugin thirdparty
2025-09-06 17:05:34,611 [INFO] PluginManage:359 - Loaded plugin thirdparty (category:base,tabindex:-1)
2025-09-06 17:05:34,611 [WARN] IntegrityCheckThread:84 - waiting for thirdparty lock release [integrity check]
2025-09-06 17:05:34,611 [INFO] PluginManage:310 - Check plugin tools
2025-09-06 17:05:34,612 [INFO] IntegrityCheckThread:86 - entering critical section [integrity check]
2025-09-06 17:05:34,612 [INFO] ThirdPartyUpdaterWithRetryManager:70 - Updater plugin not ready yet. [1/15]
2025-09-06 17:05:34,614 [INFO] PluginManage:359 - Loaded plugin tools (category:base,tabindex:7)
2025-09-06 17:05:34,614 [INFO] PluginManage:310 - Check plugin tutovideos
2025-09-06 17:05:34,804 [INFO] PluginManage:359 - Loaded plugin tutovideos (category:base,tabindex:-1)
2025-09-06 17:05:34,805 [INFO] PluginManage:310 - Check plugin updater
2025-09-06 17:05:34,837 [INFO] PluginManage:359 - Loaded plugin updater (category:base,tabindex:12)
2025-09-06 17:05:34,838 [INFO] PluginManage:310 - Check plugin userauth
2025-09-06 17:05:34,843 [INFO] UserAuth:118 - Init User Auth plugin
2025-09-06 17:05:34,844 [INFO] PluginManage:359 - Loaded plugin userauth (category:base,tabindex:14)
2025-09-06 17:05:34,844 [INFO] PluginManage:283 - PluginManage : Loaded plugins [18]
2025-09-06 17:05:35,091 [INFO] PinOutPanel:1589 - setPackage(No Configuration,No Configuration)
2025-09-06 17:05:35,172 [INFO] CADModel:165 - CPN selected for project level
2025-09-06 17:05:35,172 [INFO] CADModel:114 - Register for checkConnection events
2025-09-06 17:05:35,185 [INFO] IPUIPlugin:80 - create IPUIPlugin
2025-09-06 17:05:35,186 [INFO] PluginManager:220 - loadIPPluginJar : add mdma
2025-09-06 17:05:35,193 [INFO] IPUIPlugin:80 - create IPUIPlugin
2025-09-06 17:05:35,193 [INFO] PluginManager:220 - loadIPPluginJar : add freertos
2025-09-06 17:05:35,198 [INFO] IPUIPlugin:80 - create IPUIPlugin
2025-09-06 17:05:35,199 [INFO] PluginManager:220 - loadIPPluginJar : add gic
2025-09-06 17:05:35,208 [INFO] IPUIPlugin:80 - create IPUIPlugin
2025-09-06 17:05:35,208 [INFO] PluginManager:220 - loadIPPluginJar : add adc
2025-09-06 17:05:35,211 [INFO] IPUIPlugin:80 - create IPUIPlugin
2025-09-06 17:05:35,211 [INFO] PluginManager:220 - loadIPPluginJar : add gtzc
2025-09-06 17:05:35,212 [INFO] IPUIPlugin:80 - create IPUIPlugin
2025-09-06 17:05:35,212 [INFO] PluginManager:220 - loadIPPluginJar : add quadspi
2025-09-06 17:05:35,213 [INFO] IPUIPlugin:80 - create IPUIPlugin
2025-09-06 17:05:35,213 [INFO] PluginManager:220 - loadIPPluginJar : add aes
2025-09-06 17:05:35,215 [INFO] IPUIPlugin:80 - create IPUIPlugin
2025-09-06 17:05:35,215 [INFO] PluginManager:220 - loadIPPluginJar : add pdm2pcm
2025-09-06 17:05:35,216 [INFO] IPUIPlugin:80 - create IPUIPlugin
2025-09-06 17:05:35,217 [INFO] PluginManager:220 - loadIPPluginJar : add hash
2025-09-06 17:05:35,218 [INFO] IPUIPlugin:80 - create IPUIPlugin
2025-09-06 17:05:35,218 [INFO] PluginManager:220 - loadIPPluginJar : add tim
2025-09-06 17:05:35,218 [INFO] IPUIPlugin:80 - create IPUIPlugin
2025-09-06 17:05:35,219 [INFO] PluginManager:220 - loadIPPluginJar : add tsc
2025-09-06 17:05:35,221 [INFO] IPUIPlugin:80 - create IPUIPlugin
2025-09-06 17:05:35,221 [INFO] PluginManager:220 - loadIPPluginJar : add extmemmanager
2025-09-06 17:05:35,223 [INFO] IPUIPlugin:80 - create IPUIPlugin
2025-09-06 17:05:35,223 [INFO] PluginManager:220 - loadIPPluginJar : add ts
2025-09-06 17:05:35,224 [INFO] IPUIPlugin:80 - create IPUIPlugin
2025-09-06 17:05:35,225 [INFO] PluginManager:220 - loadIPPluginJar : add radio
2025-09-06 17:05:35,226 [INFO] IPUIPlugin:80 - create IPUIPlugin
2025-09-06 17:05:35,226 [INFO] PluginManager:220 - loadIPPluginJar : add can
2025-09-06 17:05:35,228 [INFO] IPUIPlugin:80 - create IPUIPlugin
2025-09-06 17:05:35,228 [INFO] PluginManager:220 - loadIPPluginJar : add dma3
2025-09-06 17:05:35,229 [INFO] IPUIPlugin:80 - create IPUIPlugin
2025-09-06 17:05:35,230 [INFO] PluginManager:220 - loadIPPluginJar : add dfsdm
2025-09-06 17:05:35,231 [INFO] IPUIPlugin:80 - create IPUIPlugin
2025-09-06 17:05:35,231 [INFO] PluginManager:220 - loadIPPluginJar : add spi
2025-09-06 17:05:35,232 [INFO] IPUIPlugin:80 - create IPUIPlugin
2025-09-06 17:05:35,233 [INFO] PluginManager:220 - loadIPPluginJar : add gfxmmu
2025-09-06 17:05:35,234 [INFO] IPUIPlugin:80 - create IPUIPlugin
2025-09-06 17:05:35,234 [INFO] PluginManager:220 - loadIPPluginJar : add genericplugin
2025-09-06 17:05:35,236 [INFO] IPUIPlugin:80 - create IPUIPlugin
2025-09-06 17:05:35,236 [INFO] PluginManager:220 - loadIPPluginJar : add cryp
2025-09-06 17:05:35,239 [INFO] IPUIPlugin:80 - create IPUIPlugin
2025-09-06 17:05:35,239 [INFO] PluginManager:220 - loadIPPluginJar : add gpio
2025-09-06 17:05:35,242 [INFO] IPUIPlugin:80 - create IPUIPlugin
2025-09-06 17:05:35,242 [INFO] PluginManager:220 - loadIPPluginJar : add ddr_ctrl_phy
2025-09-06 17:05:35,243 [INFO] IPUIPlugin:80 - create IPUIPlugin
2025-09-06 17:05:35,244 [INFO] PluginManager:220 - loadIPPluginJar : add comp
2025-09-06 17:05:35,246 [INFO] IPUIPlugin:80 - create IPUIPlugin
2025-09-06 17:05:35,247 [INFO] PluginManager:220 - loadIPPluginJar : add tracer_emb
2025-09-06 17:05:35,248 [INFO] IPUIPlugin:80 - create IPUIPlugin
2025-09-06 17:05:35,249 [INFO] PluginManager:220 - loadIPPluginJar : add openamp
2025-09-06 17:05:35,253 [INFO] IPUIPlugin:80 - create IPUIPlugin
2025-09-06 17:05:35,253 [INFO] PluginManager:220 - loadIPPluginJar : add stm32_wpan
2025-09-06 17:05:35,258 [INFO] IPUIPlugin:80 - create IPUIPlugin
2025-09-06 17:05:35,259 [INFO] PluginManager:220 - loadIPPluginJar : add plateformsettings
2025-09-06 17:05:35,262 [INFO] IPUIPlugin:80 - create IPUIPlugin
2025-09-06 17:05:35,262 [INFO] PluginManager:220 - loadIPPluginJar : add ipddr
2025-09-06 17:05:35,263 [INFO] IPUIPlugin:80 - create IPUIPlugin
2025-09-06 17:05:35,264 [INFO] PluginManager:220 - loadIPPluginJar : add usart
2025-09-06 17:05:35,264 [INFO] IPUIPlugin:80 - create IPUIPlugin
2025-09-06 17:05:35,264 [INFO] PluginManager:220 - loadIPPluginJar : add ltdc
2025-09-06 17:05:35,267 [INFO] IPUIPlugin:80 - create IPUIPlugin
2025-09-06 17:05:35,267 [INFO] PluginManager:220 - loadIPPluginJar : add nvic
2025-09-06 17:05:35,268 [INFO] IPUIPlugin:80 - create IPUIPlugin
2025-09-06 17:05:35,268 [INFO] PluginManager:220 - loadIPPluginJar : add fatfs
2025-09-06 17:05:35,273 [INFO] IPUIPlugin:80 - create IPUIPlugin
2025-09-06 17:05:35,273 [INFO] PluginManager:220 - loadIPPluginJar : add linkedlist
2025-09-06 17:05:35,278 [INFO] IPUIPlugin:80 - create IPUIPlugin
2025-09-06 17:05:35,278 [INFO] PluginManager:220 - loadIPPluginJar : add dma
2025-09-06 17:05:35,281 [INFO] IPUIPlugin:80 - create IPUIPlugin
2025-09-06 17:05:35,282 [INFO] PluginManager:220 - loadIPPluginJar : add fmc
2025-09-06 17:05:35,283 [INFO] IPUIPlugin:80 - create IPUIPlugin
2025-09-06 17:05:35,283 [INFO] PluginManager:220 - loadIPPluginJar : add i2s
2025-09-06 17:05:35,284 [INFO] IPUIPlugin:80 - create IPUIPlugin
2025-09-06 17:05:35,285 [INFO] PluginManager:220 - loadIPPluginJar : add ucpd
2025-09-06 17:05:35,286 [INFO] IPUIPlugin:80 - create IPUIPlugin
2025-09-06 17:05:35,286 [INFO] PluginManager:220 - loadIPPluginJar : add lorawan
2025-09-06 17:05:35,288 [INFO] IPUIPlugin:80 - create IPUIPlugin
2025-09-06 17:05:35,288 [INFO] PluginManager:220 - loadIPPluginJar : add opamp
2025-09-06 17:05:35,289 [INFO] IPUIPlugin:80 - create IPUIPlugin
2025-09-06 17:05:35,290 [INFO] PluginManager:220 - loadIPPluginJar : add i3c
2025-09-06 17:05:35,292 [INFO] IPUIPlugin:80 - create IPUIPlugin
2025-09-06 17:05:35,292 [INFO] PluginManager:220 - loadIPPluginJar : add touchsensing
2025-09-06 17:05:35,294 [INFO] IPUIPlugin:80 - create IPUIPlugin
2025-09-06 17:05:35,295 [INFO] PluginManager:220 - loadIPPluginJar : add i2c
2025-09-06 17:05:35,298 [INFO] IPUIPlugin:80 - create IPUIPlugin
2025-09-06 17:05:35,298 [INFO] PluginManager:220 - loadIPPluginJar : add resmgrutility
2025-09-06 17:05:35,300 [INFO] IPUIPlugin:80 - create IPUIPlugin
2025-09-06 17:05:35,300 [INFO] PluginManager:220 - loadIPPluginJar : add sai
2025-09-06 17:05:35,302 [INFO] IPUIPlugin:80 - create IPUIPlugin
2025-09-06 17:05:35,302 [INFO] PluginManager:220 - loadIPPluginJar : add usbx
2025-09-06 17:05:35,420 [FATAL] Updater:351 - Updater called before beeing initialized
2025-09-06 17:05:35,473 [INFO] RulesReader:64 - Compatibility file has been processed (317 Rules)
2025-09-06 17:05:35,488 [INFO] RulesReader:64 - Compatibility file has been processed (317 Rules)
2025-09-06 17:05:35,503 [INFO] CADModel:165 - CPN selected for project level
2025-09-06 17:05:35,503 [INFO] CADModel:114 - Register for checkConnection events
2025-09-06 17:05:35,503 [FATAL] Updater:351 - Updater called before beeing initialized
2025-09-06 17:05:35,503 [ERROR] CADModel:125 - Updater not yet initialized, retry later 
2025-09-06 17:05:35,743 [FATAL] Updater:351 - Updater called before beeing initialized
2025-09-06 17:05:35,744 [INFO] CADModel:165 - CPN selected for project level
2025-09-06 17:05:35,744 [INFO] CADModel:114 - Register for checkConnection events
2025-09-06 17:05:35,744 [FATAL] Updater:351 - Updater called before beeing initialized
2025-09-06 17:05:35,744 [ERROR] CADModel:125 - Updater not yet initialized, retry later 
2025-09-06 17:05:35,750 [FATAL] Updater:351 - Updater called before beeing initialized
2025-09-06 17:05:35,920 [FATAL] Updater:351 - Updater called before beeing initialized
2025-09-06 17:05:35,925 [INFO] DbMcusAds:53 - JSON generation date=Tue Jul 08 15:14:23 ICT 2025 (1751962463582)
2025-09-06 17:05:35,926 [FATAL] Updater:351 - Updater called before beeing initialized
2025-09-06 17:05:36,308 [WARN] DetailPanel:346 - Failed to get advertising image, set to default
2025-09-06 17:05:36,386 [FATAL] Updater:351 - Updater called before beeing initialized
2025-09-06 17:05:36,390 [FATAL] Updater:351 - Updater called before beeing initialized
2025-09-06 17:05:36,390 [FATAL] Updater:351 - Updater called before beeing initialized
2025-09-06 17:05:36,390 [WARN] DetailPanel:346 - Failed to get advertising image, set to default
2025-09-06 17:05:36,393 [FATAL] Updater:351 - Updater called before beeing initialized
2025-09-06 17:05:36,475 [ERROR] Updater:1198 - MainUpdater not yet initialized. External WinMGr cannot be set.
2025-09-06 17:05:36,483 [INFO] Updater:1134 - Updater Version found : 6.15.0
2025-09-06 17:05:36,498 [INFO] ApplicationProperties:184 - Using Application install path: /Applications/STM32CubeIDE.app/Contents/Eclipse/plugins/com.st.stm32cube.common.mx_6.15.0.202507011659
2025-09-06 17:05:36,847 [INFO] MainUpdater:2872 - connection check result : 10
2025-09-06 17:05:36,847 [INFO] MainUpdater:3604 - Updater definition file requires update
2025-09-06 17:05:36,848 [INFO] MainUpdater:289 - Updater Check For Update Now.
2025-09-06 17:05:36,849 [INFO] MicroXplorer:498 - Change Database Version : DB.6.0.150
2025-09-06 17:05:36,859 [INFO] McuFinderGlobals:63 - Set McuFinder mode to 2 (CubeIDE integrated)
2025-09-06 17:05:36,860 [INFO] UserAuth:171 - activating auth plugin
2025-09-06 17:05:36,872 [INFO] UserAuth:487 - Internet connection configuration mode: 1
2025-09-06 17:05:36,886 [INFO] JxBrowserEngine:152 - Initiate JxBrowser Engine with user profile folder
2025-09-06 17:05:36,890 [INFO] ServerAccessManage:452 - Complete download http(s) 200
2025-09-06 17:05:36,893 [INFO] ServerAccessManage:509 - Download File updaters.zip
2025-09-06 17:05:37,006 [INFO] FileExtend:248 - Unzip File : updaters.zip
2025-09-06 17:05:37,006 [INFO] FileExtend:263 - Standard Zip Deflate
2025-09-06 17:05:37,573 [INFO] ServerAccessManage:452 - Complete download http(s) 200
2025-09-06 17:05:37,582 [INFO] ServerAccessManage:509 - Download File PacksControlFlags.xml
2025-09-06 17:05:37,620 [WARN] MainUpdater:1193 - Updater busy. Cannot search thirdparties
2025-09-06 17:05:37,621 [INFO] ThirdPartyUpdaterWithRetryManager:96 - Updater plugin is busy. [1/15]
2025-09-06 17:05:37,764 [INFO] ServerAccessManage:452 - Complete download http(s) 200
2025-09-06 17:05:37,764 [INFO] ServerAccessManage:509 - Download File cubemx.pidx
2025-09-06 17:05:39,073 [INFO] ServerAccessManage:452 - Complete download http(s) 200
2025-09-06 17:05:39,074 [INFO] ServerAccessManage:509 - Download File STMicroelectronics.X-CUBE-STSE01.pdsc
2025-09-06 17:05:40,623 [WARN] MainUpdater:1193 - Updater busy. Cannot search thirdparties
2025-09-06 17:05:40,626 [INFO] ThirdPartyUpdaterWithRetryManager:96 - Updater plugin is busy. [2/15]
2025-09-06 17:05:43,632 [WARN] MainUpdater:1193 - Updater busy. Cannot search thirdparties
2025-09-06 17:05:43,632 [INFO] ThirdPartyUpdaterWithRetryManager:96 - Updater plugin is busy. [3/15]
2025-09-06 17:05:46,638 [WARN] MainUpdater:1193 - Updater busy. Cannot search thirdparties
2025-09-06 17:05:46,638 [INFO] ThirdPartyUpdaterWithRetryManager:96 - Updater plugin is busy. [4/15]
2025-09-06 17:05:49,645 [WARN] MainUpdater:1193 - Updater busy. Cannot search thirdparties
2025-09-06 17:05:49,648 [INFO] ThirdPartyUpdaterWithRetryManager:96 - Updater plugin is busy. [5/15]
2025-09-06 17:05:52,800 [WARN] MainUpdater:1193 - Updater busy. Cannot search thirdparties
2025-09-06 17:05:52,804 [INFO] ThirdPartyUpdaterWithRetryManager:96 - Updater plugin is busy. [6/15]
2025-09-06 17:05:55,807 [WARN] MainUpdater:1193 - Updater busy. Cannot search thirdparties
2025-09-06 17:05:55,807 [INFO] ThirdPartyUpdaterWithRetryManager:96 - Updater plugin is busy. [7/15]
2025-09-06 17:05:58,812 [WARN] MainUpdater:1193 - Updater busy. Cannot search thirdparties
2025-09-06 17:05:58,812 [INFO] ThirdPartyUpdaterWithRetryManager:96 - Updater plugin is busy. [8/15]
2025-09-06 17:06:01,816 [WARN] MainUpdater:1193 - Updater busy. Cannot search thirdparties
2025-09-06 17:06:01,818 [INFO] ThirdPartyUpdaterWithRetryManager:96 - Updater plugin is busy. [9/15]
2025-09-06 17:06:04,826 [WARN] MainUpdater:1193 - Updater busy. Cannot search thirdparties
2025-09-06 17:06:04,827 [INFO] ThirdPartyUpdaterWithRetryManager:96 - Updater plugin is busy. [10/15]
2025-09-06 17:06:07,832 [WARN] MainUpdater:1193 - Updater busy. Cannot search thirdparties
2025-09-06 17:06:07,833 [INFO] ThirdPartyUpdaterWithRetryManager:96 - Updater plugin is busy. [11/15]
2025-09-06 17:06:10,838 [WARN] MainUpdater:1193 - Updater busy. Cannot search thirdparties
2025-09-06 17:06:10,838 [INFO] ThirdPartyUpdaterWithRetryManager:96 - Updater plugin is busy. [12/15]
2025-09-06 17:06:12,626 [INFO] WebApp:169 - Instantiating new browser for Auth
2025-09-06 17:06:13,843 [WARN] MainUpdater:1193 - Updater busy. Cannot search thirdparties
2025-09-06 17:06:13,843 [INFO] ThirdPartyUpdaterWithRetryManager:96 - Updater plugin is busy. [13/15]
2025-09-06 17:06:14,271 [INFO] WebApp:463 - Apply proxy settings
2025-09-06 17:06:14,292 [INFO] WebApp:508 - Chromium authenticates against Manually configured proxy
2025-09-06 17:06:14,308 [INFO] WebApp:516 - Username used for proxy authentication: 
2025-09-06 17:06:14,353 [INFO] WebApp:900 - Register for checkConnection events
2025-09-06 17:06:14,353 [INFO] WebApp:463 - Apply proxy settings
2025-09-06 17:06:14,358 [INFO] WebApp:508 - Chromium authenticates against Manually configured proxy
2025-09-06 17:06:14,358 [INFO] WebApp:516 - Username used for proxy authentication: 
2025-09-06 17:06:14,560 [INFO] WebApp:225 - Starting web application
2025-09-06 17:06:14,561 [INFO] WebApp:593 - Web application path used /Applications/STM32CubeIDE.app/Contents/Eclipse/plugins/com.st.stm32cube.common.mx_6.15.0.202507011659/db/plugins/mcufinder/reactClient1/index.html
2025-09-06 17:06:15,185 [INFO] WebApp:191 - Connection restablished
2025-09-06 17:06:16,849 [WARN] MainUpdater:1193 - Updater busy. Cannot search thirdparties
2025-09-06 17:06:16,850 [INFO] ThirdPartyUpdaterWithRetryManager:96 - Updater plugin is busy. [14/15]
2025-09-06 17:06:19,853 [WARN] MainUpdater:1193 - Updater busy. Cannot search thirdparties
2025-09-06 17:06:19,854 [INFO] ThirdPartyUpdaterWithRetryManager:96 - Updater plugin is busy. [15/15]
2025-09-06 17:06:19,856 [ERROR] IntegrityCheckThread:130 - Cannot retrieve database content from updater: error -1
2025-09-06 17:06:19,859 [INFO] ThirdParty:978 - Integrity check success = false
2025-09-06 17:06:19,860 [INFO] IntegrityCheckThread:100 - exiting critical section [integrity check]
2025-09-06 17:06:19,860 [INFO] IntegrityCheckThread:103 - End integrity checks thread
2025-09-06 17:06:25,458 [WARN] ServerAccessManage:1291 - Warning during Server Connection :  timeout Connect timed out
2025-09-06 17:06:25,921 [INFO] ServerAccessManage:452 - Complete download http(s) 200
2025-09-06 17:06:25,921 [INFO] ServerAccessManage:509 - Download File Infineon.AIROC-Wi-Fi-Bluetooth-STM32.pdsc
2025-09-06 17:06:30,289 [INFO] ServerAccessManage:452 - Complete download http(s) 200
2025-09-06 17:06:30,289 [INFO] ServerAccessManage:509 - Download File Cesanta.I-CUBE-Mongoose.pdsc
2025-09-06 17:06:33,331 [WARN] PackLoader:240 - Cannot read IP mode file for STMicroelectronics.X-CUBE-STSE01.1.0.0
2025-09-06 17:06:33,445 [WARN] PackLoader:240 - Cannot read IP mode file for Infineon.AIROC-Wi-Fi-Bluetooth-STM32.1.7.1
2025-09-06 17:06:33,497 [WARN] PackLoader:240 - Cannot read IP mode file for Cesanta.I-CUBE-Mongoose.7.13.0
2025-09-06 17:06:33,499 [INFO] PopulateThirdPartyThread:66 - Ending populate Thread
2025-09-06 17:06:33,509 [INFO] ThirdParty:1030 - CMSIS Pack Vendor :Cesanta I-CUBE-Mongoose 7.13.0
2025-09-06 17:06:33,510 [INFO] ThirdParty:1030 - CMSIS Pack Vendor :STMicroelectronics X-CUBE-STSE01 1.0.0
2025-09-06 17:06:33,510 [INFO] ThirdParty:1030 - CMSIS Pack Vendor :Infineon AIROC-Wi-Fi-Bluetooth-STM32 1.7.1
2025-09-06 17:06:33,510 [INFO] LoadServerUpdatesThread:375 - End of LoadServerUpdate Thread
2025-09-06 17:06:33,499 [INFO] CheckServerUpdateThread:120 - End of CheckServer Thread
2025-09-06 18:35:42,181 [INFO] WebApp:194 - Connection lost
2025-09-06 18:39:46,306 [INFO] WebApp:191 - Connection restablished
2025-09-06 18:57:35,983 [INFO] WebApp:194 - Connection lost
2025-09-06 18:58:41,202 [INFO] WebApp:191 - Connection restablished
