2025-09-15 14:20:49,391 [INFO] Activator:176 - 


2025-09-15 14:20:49,397 [INFO] Activator:177 - !SESSION log4j initialized
2025-09-15 14:20:53,815 [INFO] LogOutputStream:77 - [STDOUT_REDIRECT] 
2025-09-15 14:20:56,056 [ERROR] LogOutputStream:75 - [STDERR_REDIRECT] 
2025-09-15 14:20:58,846 [INFO] LogOutputStream:77 - [STDOUT_REDIRECT] 
2025-09-15 14:21:00,264 [INFO] ApplicationProperties:184 - Using Application install path: /Applications/STM32CubeIDE.app/Contents/Eclipse/plugins/com.st.stm32cube.common.mx_6.15.0.202507011659
2025-09-15 14:21:00,281 [INFO] DbMcusXml:78 - Set database path to: /Applications/STM32CubeIDE.app/Contents/Eclipse/plugins/com.st.stm32cube.common.mx_6.15.0.202507011659//db//mcu/
2025-09-15 14:21:00,281 [INFO] ApiDb:274 - Set plugin database path to: /Applications/STM32CubeIDE.app/Contents/Eclipse/plugins/com.st.stm32cube.common.mx_6.15.0.202507011659//db//plugins/boardmanager/
2025-09-15 14:21:00,281 [WARN] ApiDb:259 - Overriding images path with different value:  => /Applications/STM32CubeIDE.app/Contents/Eclipse/plugins/com.st.stm32cube.common.mx_6.15.0.202507011659//db//plugins/mcufinder/images/
2025-09-15 14:21:00,289 [INFO] ApiDb:250 - Set database path to: /Users/straw/.stmcufinder/plugins/mcufinder//mcu/
2025-09-15 14:21:00,291 [INFO] DbMcusAds:125 - Set database path to: /Users/straw/.stmcufinder/plugins/mcufinder//mcu/
2025-09-15 14:21:00,292 [INFO] CrossReferenceDbSqlite:203 - Set database path to: /Users/straw/.stmcufinder/plugins/mcufinder//mcu/cs/
2025-09-15 14:21:00,450 [INFO] RulesReader:64 - Compatibility file has been processed (317 Rules)
2025-09-15 14:21:00,503 [INFO] DbMcusXml:78 - Set database path to: /Applications/STM32CubeIDE.app/Contents/Eclipse/plugins/com.st.stm32cube.common.mx_6.15.0.202507011659//db//mcu/
2025-09-15 14:21:00,503 [INFO] ApiDb:274 - Set plugin database path to: /Applications/STM32CubeIDE.app/Contents/Eclipse/plugins/com.st.stm32cube.common.mx_6.15.0.202507011659//db//plugins/boardmanager/
2025-09-15 14:21:00,503 [INFO] ApiDb:261 - Set plugin images path to: /Applications/STM32CubeIDE.app/Contents/Eclipse/plugins/com.st.stm32cube.common.mx_6.15.0.202507011659//db//plugins/mcufinder/images/
2025-09-15 14:21:00,504 [WARN] DbFile:41 - Overriding database path with different value: /Users/straw/.stmcufinder/plugins/mcufinder/ => /Users/straw/.stmcufinder/plugins/mcufinder
2025-09-15 14:21:00,505 [INFO] ApiDb:250 - Set database path to: /Users/straw/.stmcufinder/plugins/mcufinder//mcu/
2025-09-15 14:21:00,505 [WARN] DbFile:41 - Overriding database path with different value: /Users/straw/.stmcufinder/plugins/mcufinder/ => /Users/straw/.stmcufinder/plugins/mcufinder
2025-09-15 14:21:00,505 [INFO] DbMcusAds:125 - Set database path to: /Users/straw/.stmcufinder/plugins/mcufinder//mcu/
2025-09-15 14:21:00,506 [WARN] DbFile:41 - Overriding database path with different value: /Users/straw/.stmcufinder/plugins/mcufinder/ => /Users/straw/.stmcufinder/plugins/mcufinder
2025-09-15 14:21:00,506 [WARN] DbFile:41 - Overriding database path with different value: /Users/straw/.stmcufinder/plugins/mcufinder/ => /Users/straw/.stmcufinder/plugins/mcufinder
2025-09-15 14:21:00,506 [INFO] CrossReferenceDbSqlite:203 - Set database path to: /Users/straw/.stmcufinder/plugins/mcufinder//mcu/cs/
2025-09-15 14:21:00,590 [INFO] MainPanel:274 - HeapMemory: 268435456
2025-09-15 14:21:01,028 [INFO] DbMcusXml:78 - Set database path to: /Applications/STM32CubeIDE.app/Contents/Eclipse/plugins/com.st.stm32cube.common.mx_6.15.0.202507011659//db//mcu/
2025-09-15 14:21:01,028 [INFO] ApiDb:274 - Set plugin database path to: /Applications/STM32CubeIDE.app/Contents/Eclipse/plugins/com.st.stm32cube.common.mx_6.15.0.202507011659//db//plugins/boardmanager/
2025-09-15 14:21:01,028 [INFO] ApiDb:261 - Set plugin images path to: /Applications/STM32CubeIDE.app/Contents/Eclipse/plugins/com.st.stm32cube.common.mx_6.15.0.202507011659//db//plugins/mcufinder/images/
2025-09-15 14:21:01,030 [WARN] DbFile:41 - Overriding database path with different value: /Users/straw/.stmcufinder/plugins/mcufinder/ => /Users/straw/.stmcufinder/plugins/mcufinder
2025-09-15 14:21:01,030 [INFO] ApiDb:250 - Set database path to: /Users/straw/.stmcufinder/plugins/mcufinder//mcu/
2025-09-15 14:21:01,030 [WARN] DbFile:41 - Overriding database path with different value: /Users/straw/.stmcufinder/plugins/mcufinder/ => /Users/straw/.stmcufinder/plugins/mcufinder
2025-09-15 14:21:01,030 [INFO] DbMcusAds:125 - Set database path to: /Users/straw/.stmcufinder/plugins/mcufinder//mcu/
2025-09-15 14:21:01,030 [WARN] DbFile:41 - Overriding database path with different value: /Users/straw/.stmcufinder/plugins/mcufinder/ => /Users/straw/.stmcufinder/plugins/mcufinder
2025-09-15 14:21:01,030 [WARN] DbFile:41 - Overriding database path with different value: /Users/straw/.stmcufinder/plugins/mcufinder/ => /Users/straw/.stmcufinder/plugins/mcufinder
2025-09-15 14:21:01,030 [INFO] CrossReferenceDbSqlite:203 - Set database path to: /Users/straw/.stmcufinder/plugins/mcufinder//mcu/cs/
2025-09-15 14:21:01,049 [INFO] ApplicationProperties:184 - Using Application install path: /Applications/STM32CubeIDE.app/Contents/Eclipse/plugins/com.st.stm32cube.common.mx_6.15.0.202507011659
2025-09-15 14:21:01,050 [INFO] PluginManage:196 - Search for loadable plugins [exclusion list=, ]
2025-09-15 14:21:01,052 [INFO] PluginManage:310 - Check plugin analytics
2025-09-15 14:21:01,286 [INFO] AnalyticsPlugin:253 - Accepted Software Licenses: 
2025-09-15 14:21:01,286 [INFO] AnalyticsPlugin:255 - Accepted CMSIS Pack Licenses: 
2025-09-15 14:21:01,286 [INFO] AnalyticsPlugin:257 - Accepted Firmware Licenses: FW.F4.1.28.0
2025-09-15 14:21:01,296 [INFO] PluginManage:359 - Loaded plugin analytics (category:tool,tabindex:-1)
2025-09-15 14:21:01,298 [INFO] PluginManage:310 - Check plugin cadmodel
2025-09-15 14:21:01,314 [INFO] CADModel:105 - Init CAD model plugin
2025-09-15 14:21:01,315 [INFO] PluginManage:359 - Loaded plugin cadmodel (category:power,tabindex:5)
2025-09-15 14:21:01,315 [INFO] PluginManage:310 - Check plugin clock
2025-09-15 14:21:01,326 [INFO] PluginManage:359 - Loaded plugin clock (category:base,tabindex:2)
2025-09-15 14:21:01,326 [INFO] PluginManage:310 - Check plugin ddr
2025-09-15 14:21:01,328 [INFO] PluginManage:359 - Loaded plugin ddr (category:tool,tabindex:6)
2025-09-15 14:21:01,328 [INFO] PluginManage:310 - Check plugin filemanager
2025-09-15 14:21:01,502 [INFO] PluginManage:359 - Loaded plugin filemanager (category:base,tabindex:10)
2025-09-15 14:21:01,503 [INFO] PluginManage:310 - Check plugin ipmanager
2025-09-15 14:21:01,512 [INFO] PluginManage:359 - Loaded plugin ipmanager (category:base,tabindex:5)
2025-09-15 14:21:01,512 [INFO] PluginManage:310 - Check plugin lpbam
2025-09-15 14:21:01,525 [INFO] PluginManage:359 - Loaded plugin lpbam (category:base,tabindex:0)
2025-09-15 14:21:01,525 [INFO] PluginManage:310 - Check plugin memorymap
2025-09-15 14:21:01,534 [INFO] PluginManage:359 - Loaded plugin memorymap (category:base,tabindex:4)
2025-09-15 14:21:01,535 [INFO] PluginManage:310 - Check plugin pinoutandconfiguration
2025-09-15 14:21:01,542 [INFO] PluginManage:359 - Loaded plugin pinoutandconfiguration (category:base,tabindex:1)
2025-09-15 14:21:01,542 [INFO] PluginManage:310 - Check plugin pinoutconfig
2025-09-15 14:21:01,642 [WARN] SupportedApi:132 - Cannot load RTOS API schema: s4s-elt-must-match.1: The content of 'definitions' must match (annotation?, (simpleType | complexType)?, (unique | key | keyref)*)). A problem was found starting at: attribute.
2025-09-15 14:21:01,799 [INFO] PluginManage:359 - Loaded plugin pinoutconfig (category:base,tabindex:0)
2025-09-15 14:21:01,799 [INFO] PluginManage:310 - Check plugin power
2025-09-15 14:21:01,811 [INFO] PluginManage:359 - Loaded plugin power (category:power,tabindex:4)
2025-09-15 14:21:01,811 [INFO] PluginManage:310 - Check plugin projectmanager
2025-09-15 14:21:01,836 [INFO] PluginManage:359 - Loaded plugin projectmanager (category:projectmanager,tabindex:4)
2025-09-15 14:21:01,836 [INFO] PluginManage:310 - Check plugin rif
2025-09-15 14:21:01,845 [INFO] PluginManage:359 - Loaded plugin rif (category:base,tabindex:3)
2025-09-15 14:21:01,845 [INFO] PluginManage:310 - Check plugin thirdparty
2025-09-15 14:21:02,028 [INFO] PluginManage:359 - Loaded plugin thirdparty (category:base,tabindex:-1)
2025-09-15 14:21:02,028 [WARN] IntegrityCheckThread:84 - waiting for thirdparty lock release [integrity check]
2025-09-15 14:21:02,029 [INFO] PluginManage:310 - Check plugin tools
2025-09-15 14:21:02,029 [INFO] IntegrityCheckThread:86 - entering critical section [integrity check]
2025-09-15 14:21:02,029 [INFO] ThirdPartyUpdaterWithRetryManager:70 - Updater plugin not ready yet. [1/15]
2025-09-15 14:21:02,031 [INFO] PluginManage:359 - Loaded plugin tools (category:base,tabindex:7)
2025-09-15 14:21:02,031 [INFO] PluginManage:310 - Check plugin tutovideos
2025-09-15 14:21:02,236 [INFO] PluginManage:359 - Loaded plugin tutovideos (category:base,tabindex:-1)
2025-09-15 14:21:02,237 [INFO] PluginManage:310 - Check plugin updater
2025-09-15 14:21:02,270 [INFO] PluginManage:359 - Loaded plugin updater (category:base,tabindex:12)
2025-09-15 14:21:02,270 [INFO] PluginManage:310 - Check plugin userauth
2025-09-15 14:21:02,275 [INFO] UserAuth:118 - Init User Auth plugin
2025-09-15 14:21:02,276 [INFO] PluginManage:359 - Loaded plugin userauth (category:base,tabindex:14)
2025-09-15 14:21:02,278 [INFO] PluginManage:283 - PluginManage : Loaded plugins [18]
2025-09-15 14:21:02,513 [INFO] PinOutPanel:1589 - setPackage(No Configuration,No Configuration)
2025-09-15 14:21:02,599 [INFO] CADModel:165 - CPN selected for project level
2025-09-15 14:21:02,599 [INFO] CADModel:114 - Register for checkConnection events
2025-09-15 14:21:02,613 [INFO] IPUIPlugin:80 - create IPUIPlugin
2025-09-15 14:21:02,614 [INFO] PluginManager:220 - loadIPPluginJar : add mdma
2025-09-15 14:21:02,620 [INFO] IPUIPlugin:80 - create IPUIPlugin
2025-09-15 14:21:02,621 [INFO] PluginManager:220 - loadIPPluginJar : add freertos
2025-09-15 14:21:02,642 [INFO] IPUIPlugin:80 - create IPUIPlugin
2025-09-15 14:21:02,643 [INFO] PluginManager:220 - loadIPPluginJar : add gic
2025-09-15 14:21:02,655 [INFO] IPUIPlugin:80 - create IPUIPlugin
2025-09-15 14:21:02,656 [INFO] PluginManager:220 - loadIPPluginJar : add adc
2025-09-15 14:21:02,658 [INFO] IPUIPlugin:80 - create IPUIPlugin
2025-09-15 14:21:02,658 [INFO] PluginManager:220 - loadIPPluginJar : add gtzc
2025-09-15 14:21:02,659 [INFO] IPUIPlugin:80 - create IPUIPlugin
2025-09-15 14:21:02,659 [INFO] PluginManager:220 - loadIPPluginJar : add quadspi
2025-09-15 14:21:02,660 [INFO] IPUIPlugin:80 - create IPUIPlugin
2025-09-15 14:21:02,660 [INFO] PluginManager:220 - loadIPPluginJar : add aes
2025-09-15 14:21:02,662 [INFO] IPUIPlugin:80 - create IPUIPlugin
2025-09-15 14:21:02,662 [INFO] PluginManager:220 - loadIPPluginJar : add pdm2pcm
2025-09-15 14:21:02,663 [INFO] IPUIPlugin:80 - create IPUIPlugin
2025-09-15 14:21:02,663 [INFO] PluginManager:220 - loadIPPluginJar : add hash
2025-09-15 14:21:02,664 [INFO] IPUIPlugin:80 - create IPUIPlugin
2025-09-15 14:21:02,664 [INFO] PluginManager:220 - loadIPPluginJar : add tim
2025-09-15 14:21:02,666 [INFO] IPUIPlugin:80 - create IPUIPlugin
2025-09-15 14:21:02,666 [INFO] PluginManager:220 - loadIPPluginJar : add tsc
2025-09-15 14:21:02,668 [INFO] IPUIPlugin:80 - create IPUIPlugin
2025-09-15 14:21:02,668 [INFO] PluginManager:220 - loadIPPluginJar : add extmemmanager
2025-09-15 14:21:02,670 [INFO] IPUIPlugin:80 - create IPUIPlugin
2025-09-15 14:21:02,670 [INFO] PluginManager:220 - loadIPPluginJar : add ts
2025-09-15 14:21:02,671 [INFO] IPUIPlugin:80 - create IPUIPlugin
2025-09-15 14:21:02,671 [INFO] PluginManager:220 - loadIPPluginJar : add radio
2025-09-15 14:21:02,673 [INFO] IPUIPlugin:80 - create IPUIPlugin
2025-09-15 14:21:02,673 [INFO] PluginManager:220 - loadIPPluginJar : add can
2025-09-15 14:21:02,674 [INFO] IPUIPlugin:80 - create IPUIPlugin
2025-09-15 14:21:02,674 [INFO] PluginManager:220 - loadIPPluginJar : add dma3
2025-09-15 14:21:02,676 [INFO] IPUIPlugin:80 - create IPUIPlugin
2025-09-15 14:21:02,676 [INFO] PluginManager:220 - loadIPPluginJar : add dfsdm
2025-09-15 14:21:02,678 [INFO] IPUIPlugin:80 - create IPUIPlugin
2025-09-15 14:21:02,678 [INFO] PluginManager:220 - loadIPPluginJar : add spi
2025-09-15 14:21:02,680 [INFO] IPUIPlugin:80 - create IPUIPlugin
2025-09-15 14:21:02,680 [INFO] PluginManager:220 - loadIPPluginJar : add gfxmmu
2025-09-15 14:21:02,681 [INFO] IPUIPlugin:80 - create IPUIPlugin
2025-09-15 14:21:02,682 [INFO] PluginManager:220 - loadIPPluginJar : add genericplugin
2025-09-15 14:21:02,683 [INFO] IPUIPlugin:80 - create IPUIPlugin
2025-09-15 14:21:02,684 [INFO] PluginManager:220 - loadIPPluginJar : add cryp
2025-09-15 14:21:02,686 [INFO] IPUIPlugin:80 - create IPUIPlugin
2025-09-15 14:21:02,687 [INFO] PluginManager:220 - loadIPPluginJar : add gpio
2025-09-15 14:21:02,689 [INFO] IPUIPlugin:80 - create IPUIPlugin
2025-09-15 14:21:02,689 [INFO] PluginManager:220 - loadIPPluginJar : add ddr_ctrl_phy
2025-09-15 14:21:02,691 [INFO] IPUIPlugin:80 - create IPUIPlugin
2025-09-15 14:21:02,691 [INFO] PluginManager:220 - loadIPPluginJar : add comp
2025-09-15 14:21:02,694 [INFO] IPUIPlugin:80 - create IPUIPlugin
2025-09-15 14:21:02,694 [INFO] PluginManager:220 - loadIPPluginJar : add tracer_emb
2025-09-15 14:21:02,696 [INFO] IPUIPlugin:80 - create IPUIPlugin
2025-09-15 14:21:02,697 [INFO] PluginManager:220 - loadIPPluginJar : add openamp
2025-09-15 14:21:02,700 [INFO] IPUIPlugin:80 - create IPUIPlugin
2025-09-15 14:21:02,701 [INFO] PluginManager:220 - loadIPPluginJar : add stm32_wpan
2025-09-15 14:21:02,705 [INFO] IPUIPlugin:80 - create IPUIPlugin
2025-09-15 14:21:02,708 [INFO] PluginManager:220 - loadIPPluginJar : add plateformsettings
2025-09-15 14:21:02,711 [INFO] IPUIPlugin:80 - create IPUIPlugin
2025-09-15 14:21:02,711 [INFO] PluginManager:220 - loadIPPluginJar : add ipddr
2025-09-15 14:21:02,713 [INFO] IPUIPlugin:80 - create IPUIPlugin
2025-09-15 14:21:02,713 [INFO] PluginManager:220 - loadIPPluginJar : add usart
2025-09-15 14:21:02,714 [INFO] IPUIPlugin:80 - create IPUIPlugin
2025-09-15 14:21:02,714 [INFO] PluginManager:220 - loadIPPluginJar : add ltdc
2025-09-15 14:21:02,717 [INFO] IPUIPlugin:80 - create IPUIPlugin
2025-09-15 14:21:02,718 [INFO] PluginManager:220 - loadIPPluginJar : add nvic
2025-09-15 14:21:02,719 [INFO] IPUIPlugin:80 - create IPUIPlugin
2025-09-15 14:21:02,719 [INFO] PluginManager:220 - loadIPPluginJar : add fatfs
2025-09-15 14:21:02,724 [INFO] IPUIPlugin:80 - create IPUIPlugin
2025-09-15 14:21:02,724 [INFO] PluginManager:220 - loadIPPluginJar : add linkedlist
2025-09-15 14:21:02,729 [INFO] IPUIPlugin:80 - create IPUIPlugin
2025-09-15 14:21:02,729 [INFO] PluginManager:220 - loadIPPluginJar : add dma
2025-09-15 14:21:02,732 [INFO] IPUIPlugin:80 - create IPUIPlugin
2025-09-15 14:21:02,732 [INFO] PluginManager:220 - loadIPPluginJar : add fmc
2025-09-15 14:21:02,734 [INFO] IPUIPlugin:80 - create IPUIPlugin
2025-09-15 14:21:02,734 [INFO] PluginManager:220 - loadIPPluginJar : add i2s
2025-09-15 14:21:02,735 [INFO] IPUIPlugin:80 - create IPUIPlugin
2025-09-15 14:21:02,736 [INFO] PluginManager:220 - loadIPPluginJar : add ucpd
2025-09-15 14:21:02,737 [INFO] IPUIPlugin:80 - create IPUIPlugin
2025-09-15 14:21:02,738 [INFO] PluginManager:220 - loadIPPluginJar : add lorawan
2025-09-15 14:21:02,739 [INFO] IPUIPlugin:80 - create IPUIPlugin
2025-09-15 14:21:02,740 [INFO] PluginManager:220 - loadIPPluginJar : add opamp
2025-09-15 14:21:02,742 [INFO] IPUIPlugin:80 - create IPUIPlugin
2025-09-15 14:21:02,742 [INFO] PluginManager:220 - loadIPPluginJar : add i3c
2025-09-15 14:21:02,744 [INFO] IPUIPlugin:80 - create IPUIPlugin
2025-09-15 14:21:02,750 [INFO] PluginManager:220 - loadIPPluginJar : add touchsensing
2025-09-15 14:21:02,753 [INFO] IPUIPlugin:80 - create IPUIPlugin
2025-09-15 14:21:02,753 [INFO] PluginManager:220 - loadIPPluginJar : add i2c
2025-09-15 14:21:02,756 [INFO] IPUIPlugin:80 - create IPUIPlugin
2025-09-15 14:21:02,756 [INFO] PluginManager:220 - loadIPPluginJar : add resmgrutility
2025-09-15 14:21:02,758 [INFO] IPUIPlugin:80 - create IPUIPlugin
2025-09-15 14:21:02,758 [INFO] PluginManager:220 - loadIPPluginJar : add sai
2025-09-15 14:21:02,761 [INFO] IPUIPlugin:80 - create IPUIPlugin
2025-09-15 14:21:02,761 [INFO] PluginManager:220 - loadIPPluginJar : add usbx
2025-09-15 14:21:02,889 [FATAL] Updater:351 - Updater called before beeing initialized
2025-09-15 14:21:02,936 [INFO] RulesReader:64 - Compatibility file has been processed (317 Rules)
2025-09-15 14:21:02,949 [INFO] RulesReader:64 - Compatibility file has been processed (317 Rules)
2025-09-15 14:21:02,959 [INFO] CADModel:165 - CPN selected for project level
2025-09-15 14:21:02,959 [INFO] CADModel:114 - Register for checkConnection events
2025-09-15 14:21:02,959 [FATAL] Updater:351 - Updater called before beeing initialized
2025-09-15 14:21:02,959 [ERROR] CADModel:125 - Updater not yet initialized, retry later 
2025-09-15 14:21:03,189 [FATAL] Updater:351 - Updater called before beeing initialized
2025-09-15 14:21:03,190 [INFO] CADModel:165 - CPN selected for project level
2025-09-15 14:21:03,190 [INFO] CADModel:114 - Register for checkConnection events
2025-09-15 14:21:03,190 [FATAL] Updater:351 - Updater called before beeing initialized
2025-09-15 14:21:03,190 [ERROR] CADModel:125 - Updater not yet initialized, retry later 
2025-09-15 14:21:03,192 [FATAL] Updater:351 - Updater called before beeing initialized
2025-09-15 14:21:03,365 [FATAL] Updater:351 - Updater called before beeing initialized
2025-09-15 14:21:03,370 [INFO] DbMcusAds:53 - JSON generation date=Tue Jul 08 15:14:23 ICT 2025 (1751962463582)
2025-09-15 14:21:03,370 [FATAL] Updater:351 - Updater called before beeing initialized
2025-09-15 14:21:03,748 [WARN] DetailPanel:346 - Failed to get advertising image, set to default
2025-09-15 14:21:03,817 [FATAL] Updater:351 - Updater called before beeing initialized
2025-09-15 14:21:03,820 [FATAL] Updater:351 - Updater called before beeing initialized
2025-09-15 14:21:03,821 [FATAL] Updater:351 - Updater called before beeing initialized
2025-09-15 14:21:03,821 [WARN] DetailPanel:346 - Failed to get advertising image, set to default
2025-09-15 14:21:03,824 [FATAL] Updater:351 - Updater called before beeing initialized
2025-09-15 14:21:03,880 [ERROR] Updater:1198 - MainUpdater not yet initialized. External WinMGr cannot be set.
2025-09-15 14:21:03,885 [INFO] Updater:1134 - Updater Version found : 6.15.0
2025-09-15 14:21:03,899 [INFO] ApplicationProperties:184 - Using Application install path: /Applications/STM32CubeIDE.app/Contents/Eclipse/plugins/com.st.stm32cube.common.mx_6.15.0.202507011659
2025-09-15 14:21:04,251 [INFO] MainUpdater:2872 - connection check result : 10
2025-09-15 14:21:04,252 [INFO] MainUpdater:289 - Updater Check For Update Now.
2025-09-15 14:21:04,252 [INFO] MicroXplorer:498 - Change Database Version : DB.6.0.150
2025-09-15 14:21:04,260 [INFO] McuFinderGlobals:63 - Set McuFinder mode to 2 (CubeIDE integrated)
2025-09-15 14:21:04,261 [INFO] UserAuth:171 - activating auth plugin
2025-09-15 14:21:04,274 [INFO] UserAuth:487 - Internet connection configuration mode: 1
2025-09-15 14:21:04,293 [INFO] JxBrowserEngine:152 - Initiate JxBrowser Engine with user profile folder
2025-09-15 14:21:04,534 [INFO] CheckServerUpdateThread:120 - End of CheckServer Thread
2025-09-15 14:21:05,281 [WARN] PackLoader:240 - Cannot read IP mode file for STMicroelectronics.FP-SNS-MOTENVWB1.1.4.0
2025-09-15 14:21:05,332 [WARN] PackLoader:240 - Cannot read IP mode file for STMicroelectronics.FP-ATR-ASTRA1.2.0.2
2025-09-15 14:21:05,365 [WARN] PackLoader:240 - Cannot read IP mode file for STMicroelectronics.X-CUBE-SMBUS.2.1.0
2025-09-15 14:21:05,383 [WARN] PackLoader:240 - Cannot read IP mode file for STMicroelectronics.X-CUBE-ST60.1.0.0
2025-09-15 14:21:05,458 [WARN] PackLoader:240 - Cannot read IP mode file for STMicroelectronics.X-CUBE-AZRTOS-F7.1.1.0
2025-09-15 14:21:05,521 [WARN] PackLoader:240 - Cannot read IP mode file for Infineon.AIROC-Wi-Fi-Bluetooth-STM32.1.7.1
2025-09-15 14:21:05,589 [WARN] PackLoader:240 - Cannot read IP mode file for STMicroelectronics.X-CUBE-AZRTOS-H7.3.4.0
2025-09-15 14:21:05,623 [WARN] PackLoader:240 - Cannot read IP mode file for STMicroelectronics.X-CUBE-DISPLAY.3.0.0
2025-09-15 14:21:05,647 [WARN] PackLoader:240 - Cannot read IP mode file for STMicroelectronics.X-CUBE-NFC10.1.0.0
2025-09-15 14:21:05,667 [WARN] PackLoader:240 - Cannot read IP mode file for emotas.I-CUBE-CANOPEN.1.3.0
2025-09-15 14:21:05,679 [WARN] PackLoader:240 - Cannot read IP mode file for STMicroelectronics.FP-SNS-STBOX1.2.1.0
2025-09-15 14:21:05,732 [WARN] PackLoader:240 - Cannot read IP mode file for STMicroelectronics.FP-SNS-SMARTAG2.1.2.0
2025-09-15 14:21:05,740 [WARN] PackLoader:240 - Cannot read IP mode file for STMicroelectronics.FP-SNS-FLIGHT1.5.1.0
2025-09-15 14:21:05,752 [INFO] LogOutputStream:77 - [STDOUT_REDIRECT] 1 : Invalid condition id : UX_CORESTACK_Condition cause : null
2025-09-15 14:21:05,754 [INFO] LogOutputStream:77 - [STDOUT_REDIRECT] 1 : Invalid condition id : UX_CORESTACK_Condition cause : null
2025-09-15 14:21:05,755 [INFO] LogOutputStream:77 - [STDOUT_REDIRECT] 1 : Invalid condition id : UX_CORESTACK_Condition cause : null
2025-09-15 14:21:05,755 [INFO] LogOutputStream:77 - [STDOUT_REDIRECT] 1 : Invalid condition id : UX_CORESTACK_Condition cause : null
2025-09-15 14:21:05,756 [INFO] LogOutputStream:77 - [STDOUT_REDIRECT] 1 : Invalid condition id : UX_CORESTACK_Condition cause : null
2025-09-15 14:21:05,761 [WARN] PackLoader:240 - Cannot read IP mode file for STMicroelectronics.X-CUBE-AZRTOS-WL.2.0.0
2025-09-15 14:21:05,770 [WARN] PackLoader:240 - Cannot read IP mode file for STMicroelectronics.FP-SNS-MOTENV1.5.0.0
2025-09-15 14:21:05,789 [WARN] PackLoader:240 - Cannot read IP mode file for WES.I-CUBE-Cesium.1.3.0
2025-09-15 14:21:05,799 [WARN] PackLoader:240 - Cannot read IP mode file for STMicroelectronics.X-CUBE-BLE2.3.3.0
2025-09-15 14:21:05,811 [WARN] PackLoader:240 - Cannot read IP mode file for STMicroelectronics.X-CUBE-NFC9.1.0.0
2025-09-15 14:21:05,820 [WARN] PackLoader:240 - Cannot read IP mode file for wolfSSL.I-CUBE-wolfSSL.5.8.2
2025-09-15 14:21:05,834 [WARN] PackLoader:240 - Cannot read IP mode file for STMicroelectronics.X-CUBE-BLE1.7.1.0
2025-09-15 14:21:05,845 [WARN] PackLoader:240 - Cannot read IP mode file for wolfSSL.I-CUBE-wolfMQTT.1.19.2
2025-09-15 14:21:05,854 [WARN] PackLoader:240 - Cannot read IP mode file for STMicroelectronics.X-CUBE-EEPRMA1.5.2.0
2025-09-15 14:21:05,879 [WARN] PackLoader:240 - Cannot read IP mode file for STMicroelectronics.X-CUBE-AZRTOS-G0.1.1.0
2025-09-15 14:21:05,889 [WARN] PackLoader:240 - Cannot read IP mode file for STMicroelectronics.X-CUBE-SAFEA1.1.2.2
2025-09-15 14:21:05,896 [WARN] PackLoader:240 - Cannot read IP mode file for STMicroelectronics.X-CUBE-NFC4.3.0.0
2025-09-15 14:21:05,919 [WARN] PackLoader:240 - Cannot read IP mode file for EmbeddedOffice.I-CUBE-FS-RTOS.1.0.1
2025-09-15 14:21:05,930 [WARN] PackLoader:240 - Cannot read IP mode file for STMicroelectronics.X-CUBE-WB05N.2.0.0
2025-09-15 14:21:05,939 [WARN] PackLoader:240 - Cannot read IP mode file for wolfSSL.I-CUBE-wolfTPM.3.8.0
2025-09-15 14:21:05,949 [WARN] PackLoader:240 - Cannot read IP mode file for STMicroelectronics.X-CUBE-TCPP.4.2.0
2025-09-15 14:21:05,963 [WARN] PackLoader:240 - Cannot read IP mode file for RealThread.X-CUBE-RT-Thread_Nano.4.1.1
2025-09-15 14:21:05,970 [WARN] PackLoader:240 - Cannot read IP mode file for STMicroelectronics.FP-ATR-SIGFOX1.3.2.0
2025-09-15 14:21:05,976 [WARN] PackLoader:240 - Cannot read IP mode file for ITTIA_DB.I-CUBE-ITTIADB.8.9.0
2025-09-15 14:21:05,984 [WARN] PackLoader:240 - Cannot read IP mode file for STMicroelectronics.X-CUBE-ST67W61.1.0.0
2025-09-15 14:21:05,990 [WARN] PackLoader:240 - Cannot read IP mode file for STMicroelectronics.X-CUBE-AI.10.2.0
2025-09-15 14:21:06,061 [WARN] PackLoader:240 - Cannot read IP mode file for SEGGER.I-CUBE-embOS.1.3.1
2025-09-15 14:21:06,129 [WARN] PackLoader:240 - Cannot read IP mode file for STMicroelectronics.X-CUBE-ALGOBUILD.1.4.0
2025-09-15 14:21:06,223 [WARN] PackLoader:240 - Cannot read IP mode file for STMicroelectronics.X-CUBE-MEMS1.11.3.0
2025-09-15 14:21:06,743 [WARN] PackLoader:240 - Cannot read IP mode file for STMicroelectronics.X-CUBE-PM33A1.1.0.0
2025-09-15 14:21:06,827 [WARN] PackLoader:240 - Cannot read IP mode file for STMicroelectronics.X-CUBE-AZRTOS-F4.1.1.0
2025-09-15 14:21:06,847 [WARN] PackLoader:240 - Cannot read IP mode file for Avnet-IotConnect.X-CUBE-IoTC-DA16k-PMOD.1.0.0
2025-09-15 14:21:06,858 [WARN] PackLoader:240 - Cannot read IP mode file for STMicroelectronics.X-CUBE-ISPU.2.1.0
2025-09-15 14:21:06,868 [WARN] PackLoader:240 - Cannot read IP mode file for STMicroelectronics.X-CUBE-NFC12.1.0.0
2025-09-15 14:21:06,905 [WARN] PackLoader:240 - Cannot read IP mode file for STMicroelectronics.X-CUBE-AZRTOS-L5.2.0.0
2025-09-15 14:21:06,934 [WARN] PackLoader:240 - Cannot read IP mode file for STMicroelectronics.X-CUBE-NFC6.3.1.0
2025-09-15 14:21:06,949 [WARN] PackLoader:240 - Cannot read IP mode file for STMicroelectronics.X-CUBE-FREERTOS.1.3.1
2025-09-15 14:21:06,959 [WARN] PackLoader:240 - Cannot read IP mode file for STMicroelectronics.FP-SNS-STAIOTCFT.1.0.0
2025-09-15 14:21:06,970 [WARN] PackLoader:240 - Cannot read IP mode file for STMicroelectronics.X-CUBE-DPower.1.3.0
2025-09-15 14:21:07,000 [WARN] ConditionMgr:438 - getConditionDescription Invalid condition id : LAN8742 Phy interface Condition cause : null
2025-09-15 14:21:07,002 [WARN] PackLoader:240 - Cannot read IP mode file for STMicroelectronics.X-CUBE-AZRTOS-L4.2.0.0
2025-09-15 14:21:07,006 [WARN] ConditionMgr:1044 - genDependencies : Invalid condition id : LAN8742 Phy interface Condition cause : null
2025-09-15 14:21:07,006 [WARN] ConditionMgr:1044 - genDependencies : Invalid condition id : LAN8742 Phy interface Condition cause : null
2025-09-15 14:21:07,007 [WARN] ConditionMgr:1044 - genDependencies : Invalid condition id : LAN8742 Phy interface Condition cause : null
2025-09-15 14:21:07,021 [WARN] PackLoader:240 - Cannot read IP mode file for STMicroelectronics.X-CUBE-SFXS2LP1.4.0.0
2025-09-15 14:21:07,041 [WARN] PackLoader:240 - Cannot read IP mode file for STMicroelectronics.X-CUBE-BLEMGR.4.1.0
2025-09-15 14:21:07,069 [WARN] ConditionMgr:438 - getConditionDescription Invalid condition id : UX DEVICE CLASS RTOS Condition cause : null
2025-09-15 14:21:07,070 [WARN] ConditionMgr:438 - getConditionDescription Invalid condition id : UX DEVICE CLASS RTOS Condition cause : null
2025-09-15 14:21:07,074 [WARN] PackLoader:240 - Cannot read IP mode file for STMicroelectronics.X-CUBE-AZRTOS-WB.2.0.0
2025-09-15 14:21:07,076 [WARN] ConditionMgr:1044 - genDependencies : Invalid condition id : UX DEVICE CLASS RTOS Condition cause : null
2025-09-15 14:21:07,076 [WARN] ConditionMgr:1044 - genDependencies : Invalid condition id : UX DEVICE CLASS RTOS Condition cause : null
2025-09-15 14:21:07,089 [WARN] ConditionMgr:1044 - genDependencies : Invalid condition id : UX DEVICE CLASS RTOS Condition cause : null
2025-09-15 14:21:07,091 [WARN] ConditionMgr:1044 - genDependencies : Invalid condition id : UX DEVICE CLASS RTOS Condition cause : null
2025-09-15 14:21:07,091 [WARN] ConditionMgr:1044 - genDependencies : Invalid condition id : UX DEVICE CLASS RTOS Condition cause : null
2025-09-15 14:21:07,107 [WARN] PackLoader:240 - Cannot read IP mode file for STMicroelectronics.X-CUBE-GNSS1.7.0.1
2025-09-15 14:21:07,131 [WARN] PackLoader:240 - Cannot read IP mode file for STMicroelectronics.X-CUBE-TOUCHGFX.4.25.0
2025-09-15 14:21:07,136 [WARN] ConditionMgr:438 - getConditionDescription Invalid condition id : Cortex-A Device cause : null
2025-09-15 14:21:07,199 [WARN] ConditionMgr:1044 - genDependencies : Invalid condition id : Cortex-A Device cause : null
2025-09-15 14:21:07,200 [WARN] ConditionMgr:1044 - genDependencies : Invalid condition id : Cortex-A Device cause : null
2025-09-15 14:21:07,200 [WARN] ConditionMgr:1044 - genDependencies : Invalid condition id : Cortex-A Device cause : null
2025-09-15 14:21:07,217 [WARN] PackLoader:240 - Cannot read IP mode file for STMicroelectronics.X-CUBE-SUBG2.5.0.0
2025-09-15 14:21:07,260 [WARN] PackLoader:240 - Cannot read IP mode file for STMicroelectronics.X-CUBE-AZRTOS-H7RS.1.1.0
2025-09-15 14:21:07,272 [WARN] PackLoader:240 - Cannot read IP mode file for Cesanta.I-CUBE-Mongoose.7.13.0
2025-09-15 14:21:07,288 [WARN] PackLoader:240 - Cannot read IP mode file for STMicroelectronics.X-CUBE-AZRTOS-G4.2.0.0
2025-09-15 14:21:07,293 [WARN] PackLoader:240 - Cannot read IP mode file for wolfSSL.I-CUBE-wolfSSH.1.4.20
2025-09-15 14:21:07,297 [WARN] PackLoader:240 - Cannot read IP mode file for STMicroelectronics.X-CUBE-NFC7.2.0.0
2025-09-15 14:21:07,314 [WARN] PackLoader:240 - Cannot read IP mode file for STMicroelectronics.X-CUBE-IPS.3.1.0
2025-09-15 14:21:07,323 [WARN] PackLoader:240 - Cannot read IP mode file for STMicroelectronics.X-CUBE-ALS.1.0.2
2025-09-15 14:21:07,331 [WARN] PackLoader:240 - Cannot read IP mode file for STMicroelectronics.X-CUBE-STSE01.1.0.0
2025-09-15 14:21:07,338 [WARN] PackLoader:240 - Cannot read IP mode file for portGmbH.I-Cube-SoM-uGOAL.1.1.0
2025-09-15 14:21:07,355 [WARN] PackLoader:240 - Cannot read IP mode file for STMicroelectronics.X-CUBE-TOF1.3.4.3
2025-09-15 14:21:07,369 [INFO] ThirdParty:978 - Integrity check success = true
2025-09-15 14:21:07,369 [INFO] IntegrityCheckThread:100 - exiting critical section [integrity check]
2025-09-15 14:21:07,369 [INFO] IntegrityCheckThread:103 - End integrity checks thread
2025-09-15 14:21:34,371 [INFO] WebApp:169 - Instantiating new browser for Auth
2025-09-15 14:21:35,926 [INFO] WebApp:463 - Apply proxy settings
2025-09-15 14:21:35,943 [INFO] WebApp:508 - Chromium authenticates against Manually configured proxy
2025-09-15 14:21:35,954 [INFO] WebApp:516 - Username used for proxy authentication: 
2025-09-15 14:21:35,996 [INFO] WebApp:900 - Register for checkConnection events
2025-09-15 14:21:35,997 [INFO] WebApp:463 - Apply proxy settings
2025-09-15 14:21:36,003 [INFO] WebApp:508 - Chromium authenticates against Manually configured proxy
2025-09-15 14:21:36,004 [INFO] WebApp:516 - Username used for proxy authentication: 
2025-09-15 14:21:36,179 [INFO] WebApp:225 - Starting web application
2025-09-15 14:21:36,179 [INFO] WebApp:593 - Web application path used /Applications/STM32CubeIDE.app/Contents/Eclipse/plugins/com.st.stm32cube.common.mx_6.15.0.202507011659/db/plugins/mcufinder/reactClient1/index.html
2025-09-15 14:21:36,693 [INFO] WebApp:191 - Connection restablished
2025-09-15 15:17:29,600 [INFO] WebApp:194 - Connection lost
2025-09-15 15:17:36,238 [INFO] WebApp:191 - Connection restablished
2025-09-15 16:29:58,978 [INFO] WebApp:194 - Connection lost
2025-09-15 16:30:10,417 [INFO] WebApp:191 - Connection restablished
2025-09-15 16:30:19,239 [INFO] WebApp:194 - Connection lost
2025-09-15 16:30:24,367 [INFO] WebApp:191 - Connection restablished
2025-09-15 16:30:30,371 [INFO] WebApp:194 - Connection lost
2025-09-15 16:30:37,797 [INFO] WebApp:191 - Connection restablished
2025-09-15 16:30:44,820 [INFO] WebApp:194 - Connection lost
2025-09-15 16:30:51,018 [INFO] WebApp:191 - Connection restablished
2025-09-15 16:30:56,639 [INFO] WebApp:194 - Connection lost
2025-09-15 16:31:03,574 [INFO] WebApp:191 - Connection restablished
2025-09-15 17:44:07,907 [INFO] WebApp:194 - Connection lost
2025-09-15 17:56:58,494 [INFO] WebApp:191 - Connection restablished
